This file contains any messages produced by compilers while
running configure, to aid debugging if configure makes a mistake.

It was created by stlink configure 0.5.6, which was
generated by GNU Autoconf 2.69.  Invocation command line was

  $ ./configure --prefix=/usr/

## --------- ##
## Platform. ##
## --------- ##

hostname = jssmile-Aspire-VN7-591G
uname -m = x86_64
uname -r = 3.19.0-56-generic
uname -s = Linux
uname -v = #62-Ubuntu SMP Thu Mar 10 22:40:07 UTC 2016

/usr/bin/uname -p = unknown
/bin/uname -X     = unknown

/bin/arch              = unknown
/usr/bin/arch -k       = unknown
/usr/convex/getsysinfo = unknown
/usr/bin/hostinfo      = unknown
/bin/machine           = unknown
/usr/bin/oslevel       = unknown
/bin/universe          = unknown

PATH: /usr/local/sbin
PATH: /usr/local/bin
PATH: /usr/sbin
PATH: /usr/bin
PATH: /sbin
PATH: /bin


## ----------- ##
## Core tests. ##
## ----------- ##

configure:2242: checking for a BSD-compatible install
configure:2310: result: /usr/bin/install -c
configure:2321: checking whether build environment is sane
configure:2376: result: yes
configure:2527: checking for a thread-safe mkdir -p
configure:2566: result: /bin/mkdir -p
configure:2573: checking for gawk
configure:2603: result: no
configure:2573: checking for mawk
configure:2589: found /usr/bin/mawk
configure:2600: result: mawk
configure:2611: checking whether make sets $(MAKE)
configure:2633: result: yes
configure:2662: checking whether make supports nested variables
configure:2679: result: yes
configure:2856: checking for gcc
configure:2872: found /usr/bin/gcc
configure:2883: result: gcc
configure:3112: checking for C compiler version
configure:3121: gcc --version >&5
gcc (Ubuntu 4.9.2-10ubuntu13) 4.9.2
Copyright (C) 2014 Free Software Foundation, Inc.
This is free software; see the source for copying conditions.  There is NO
warranty; not even for MERCHANTABILITY or FITNESS FOR A PARTICULAR PURPOSE.

configure:3132: $? = 0
configure:3121: gcc -v >&5
Using built-in specs.
COLLECT_GCC=gcc
COLLECT_LTO_WRAPPER=/usr/lib/gcc/x86_64-linux-gnu/4.9/lto-wrapper
Target: x86_64-linux-gnu
Configured with: ../src/configure -v --with-pkgversion='Ubuntu 4.9.2-10ubuntu13' --with-bugurl=file:///usr/share/doc/gcc-4.9/README.Bugs --enable-languages=c,c++,java,go,d,fortran,objc,obj-c++ --prefix=/usr --program-suffix=-4.9 --enable-shared --enable-linker-build-id --libexecdir=/usr/lib --without-included-gettext --enable-threads=posix --with-gxx-include-dir=/usr/include/c++/4.9 --libdir=/usr/lib --enable-nls --with-sysroot=/ --enable-clocale=gnu --enable-libstdcxx-debug --enable-libstdcxx-time=yes --enable-gnu-unique-object --disable-vtable-verify --enable-plugin --with-system-zlib --disable-browser-plugin --enable-java-awt=gtk --enable-gtk-cairo --with-java-home=/usr/lib/jvm/java-1.5.0-gcj-4.9-amd64/jre --enable-java-home --with-jvm-root-dir=/usr/lib/jvm/java-1.5.0-gcj-4.9-amd64 --with-jvm-jar-dir=/usr/lib/jvm-exports/java-1.5.0-gcj-4.9-amd64 --with-arch-directory=amd64 --with-ecj-jar=/usr/share/java/eclipse-ecj.jar --enable-objc-gc --enable-multiarch --disable-werror --with-arch-32=i686 --with-abi=m64 --with-multilib-list=m32,m64,mx32 --enable-multilib --with-tune=generic --enable-checking=release --build=x86_64-linux-gnu --host=x86_64-linux-gnu --target=x86_64-linux-gnu
Thread model: posix
gcc version 4.9.2 (Ubuntu 4.9.2-10ubuntu13) 
configure:3132: $? = 0
configure:3121: gcc -V >&5
gcc: error: unrecognized command line option '-V'
gcc: fatal error: no input files
compilation terminated.
configure:3132: $? = 4
configure:3121: gcc -qversion >&5
gcc: error: unrecognized command line option '-qversion'
gcc: fatal error: no input files
compilation terminated.
configure:3132: $? = 4
configure:3152: checking whether the C compiler works
configure:3174: gcc    conftest.c  >&5
configure:3178: $? = 0
configure:3226: result: yes
configure:3229: checking for C compiler default output file name
configure:3231: result: a.out
configure:3237: checking for suffix of executables
configure:3244: gcc -o conftest    conftest.c  >&5
configure:3248: $? = 0
configure:3270: result: 
configure:3292: checking whether we are cross compiling
configure:3300: gcc -o conftest    conftest.c  >&5
configure:3304: $? = 0
configure:3311: ./conftest
configure:3315: $? = 0
configure:3330: result: no
configure:3335: checking for suffix of object files
configure:3357: gcc -c   conftest.c >&5
configure:3361: $? = 0
configure:3382: result: o
configure:3386: checking whether we are using the GNU C compiler
configure:3405: gcc -c   conftest.c >&5
configure:3405: $? = 0
configure:3414: result: yes
configure:3423: checking whether gcc accepts -g
configure:3443: gcc -c -g  conftest.c >&5
configure:3443: $? = 0
configure:3484: result: yes
configure:3501: checking for gcc option to accept ISO C89
configure:3564: gcc  -c -g -O2  conftest.c >&5
configure:3564: $? = 0
configure:3577: result: none needed
configure:3602: checking whether gcc understands -c and -o together
configure:3624: gcc -c conftest.c -o conftest2.o
configure:3627: $? = 0
configure:3624: gcc -c conftest.c -o conftest2.o
configure:3627: $? = 0
configure:3639: result: yes
configure:3667: checking for style of include used by make
configure:3695: result: GNU
configure:3721: checking dependency style of gcc
configure:3832: result: gcc3
configure:3852: checking build system type
configure:3866: result: x86_64-unknown-linux-gnu
configure:3886: checking host system type
configure:3899: result: x86_64-unknown-linux-gnu
configure:3963: checking for ranlib
configure:3979: found /usr/bin/ranlib
configure:3990: result: ranlib
configure:4020: checking how to run the C preprocessor
configure:4051: gcc -E  conftest.c
configure:4051: $? = 0
configure:4065: gcc -E  conftest.c
conftest.c:11:28: fatal error: ac_nonexistent.h: No such file or directory
 #include <ac_nonexistent.h>
                            ^
compilation terminated.
configure:4065: $? = 1
configure: failed program was:
| /* confdefs.h */
| #define PACKAGE_NAME "stlink"
| #define PACKAGE_TARNAME "stlink"
| #define PACKAGE_VERSION "0.5.6"
| #define PACKAGE_STRING "stlink 0.5.6"
| #define PACKAGE_BUGREPORT "davem@devkitpro.org"
| #define PACKAGE_URL ""
| #define PACKAGE "stlink"
| #define VERSION "0.5.6"
| /* end confdefs.h.  */
| #include <ac_nonexistent.h>
configure:4090: result: gcc -E
configure:4110: gcc -E  conftest.c
configure:4110: $? = 0
configure:4124: gcc -E  conftest.c
conftest.c:11:28: fatal error: ac_nonexistent.h: No such file or directory
 #include <ac_nonexistent.h>
                            ^
compilation terminated.
configure:4124: $? = 1
configure: failed program was:
| /* confdefs.h */
| #define PACKAGE_NAME "stlink"
| #define PACKAGE_TARNAME "stlink"
| #define PACKAGE_VERSION "0.5.6"
| #define PACKAGE_STRING "stlink 0.5.6"
| #define PACKAGE_BUGREPORT "davem@devkitpro.org"
| #define PACKAGE_URL ""
| #define PACKAGE "stlink"
| #define VERSION "0.5.6"
| /* end confdefs.h.  */
| #include <ac_nonexistent.h>
configure:4153: checking for grep that handles long lines and -e
configure:4211: result: /bin/grep
configure:4216: checking for egrep
configure:4278: result: /bin/grep -E
configure:4283: checking for ANSI C header files
configure:4303: gcc -c -g -O2  conftest.c >&5
configure:4303: $? = 0
configure:4376: gcc -o conftest -g -O2   conftest.c  >&5
configure:4376: $? = 0
configure:4376: ./conftest
configure:4376: $? = 0
configure:4387: result: yes
configure:4400: checking for sys/types.h
configure:4400: gcc -c -g -O2  conftest.c >&5
configure:4400: $? = 0
configure:4400: result: yes
configure:4400: checking for sys/stat.h
configure:4400: gcc -c -g -O2  conftest.c >&5
configure:4400: $? = 0
configure:4400: result: yes
configure:4400: checking for stdlib.h
configure:4400: gcc -c -g -O2  conftest.c >&5
configure:4400: $? = 0
configure:4400: result: yes
configure:4400: checking for string.h
configure:4400: gcc -c -g -O2  conftest.c >&5
configure:4400: $? = 0
configure:4400: result: yes
configure:4400: checking for memory.h
configure:4400: gcc -c -g -O2  conftest.c >&5
configure:4400: $? = 0
configure:4400: result: yes
configure:4400: checking for strings.h
configure:4400: gcc -c -g -O2  conftest.c >&5
configure:4400: $? = 0
configure:4400: result: yes
configure:4400: checking for inttypes.h
configure:4400: gcc -c -g -O2  conftest.c >&5
configure:4400: $? = 0
configure:4400: result: yes
configure:4400: checking for stdint.h
configure:4400: gcc -c -g -O2  conftest.c >&5
configure:4400: $? = 0
configure:4400: result: yes
configure:4400: checking for unistd.h
configure:4400: gcc -c -g -O2  conftest.c >&5
configure:4400: $? = 0
configure:4400: result: yes
configure:4414: checking sys/mman.h usability
configure:4414: gcc -c -g -O2  conftest.c >&5
configure:4414: $? = 0
configure:4414: result: yes
configure:4414: checking sys/mman.h presence
configure:4414: gcc -E  conftest.c
configure:4414: $? = 0
configure:4414: result: yes
configure:4414: checking for sys/mman.h
configure:4414: result: yes
configure:4426: checking sys/poll.h usability
configure:4426: gcc -c -g -O2  conftest.c >&5
configure:4426: $? = 0
configure:4426: result: yes
configure:4426: checking sys/poll.h presence
configure:4426: gcc -E  conftest.c
configure:4426: $? = 0
configure:4426: result: yes
configure:4426: checking for sys/poll.h
configure:4426: result: yes
configure:4436: checking for mmap
configure:4436: gcc -o conftest -g -O2   conftest.c  >&5
configure:4436: $? = 0
configure:4436: result: yes
configure:4511: checking for pkg-config
configure:4529: found /usr/bin/pkg-config
configure:4541: result: /usr/bin/pkg-config
configure:4566: checking pkg-config is at least version 0.9.0
configure:4569: result: yes
configure:4579: checking for USB
configure:4586: $PKG_CONFIG --exists --print-errors "libusb-1.0 >= 1.0.0"
configure:4589: $? = 0
configure:4603: $PKG_CONFIG --exists --print-errors "libusb-1.0 >= 1.0.0"
configure:4606: $? = 0
configure:4644: result: yes
configure:4648: checking for usb_path2devnum in -lusbpath
configure:4673: gcc -o conftest -g -O2   conftest.c -lusbpath -lusb  >&5
/usr/bin/ld: cannot find -lusbpath
/usr/bin/ld: cannot find -lusb
collect2: error: ld returned 1 exit status
configure:4673: $? = 1
configure: failed program was:
| /* confdefs.h */
| #define PACKAGE_NAME "stlink"
| #define PACKAGE_TARNAME "stlink"
| #define PACKAGE_VERSION "0.5.6"
| #define PACKAGE_STRING "stlink 0.5.6"
| #define PACKAGE_BUGREPORT "davem@devkitpro.org"
| #define PACKAGE_URL ""
| #define PACKAGE "stlink"
| #define VERSION "0.5.6"
| #define STDC_HEADERS 1
| #define HAVE_SYS_TYPES_H 1
| #define HAVE_SYS_STAT_H 1
| #define HAVE_STDLIB_H 1
| #define HAVE_STRING_H 1
| #define HAVE_MEMORY_H 1
| #define HAVE_STRINGS_H 1
| #define HAVE_INTTYPES_H 1
| #define HAVE_STDINT_H 1
| #define HAVE_UNISTD_H 1
| #define HAVE_SYS_MMAN_H 1
| #define HAVE_SYS_POLL_H 1
| #define HAVE_MMAP 1
| /* end confdefs.h.  */
| 
| /* Override any GCC internal prototype to avoid an error.
|    Use char because int might match the return type of a GCC
|    builtin and then its argument prototype would still apply.  */
| #ifdef __cplusplus
| extern "C"
| #endif
| char usb_path2devnum ();
| int
| main ()
| {
| return usb_path2devnum ();
|   ;
|   return 0;
| }
configure:4682: result: no
configure:5069: checking that generated files are newer than configure
configure:5075: result: done
configure:5106: creating ./config.status

## ---------------------- ##
## Running config.status. ##
## ---------------------- ##

This file was extended by stlink config.status 0.5.6, which was
generated by GNU Autoconf 2.69.  Invocation command line was

  CONFIG_FILES    = 
  CONFIG_HEADERS  = 
  CONFIG_LINKS    = 
  CONFIG_COMMANDS = 
  $ ./config.status 

on jssmile-Aspire-VN7-591G

config.status:799: creating Makefile
config.status:971: executing depfiles commands

## ---------------- ##
## Cache variables. ##
## ---------------- ##

ac_cv_build=x86_64-unknown-linux-gnu
ac_cv_c_compiler_gnu=yes
ac_cv_env_CC_set=
ac_cv_env_CC_value=
ac_cv_env_CFLAGS_set=
ac_cv_env_CFLAGS_value=
ac_cv_env_CPPFLAGS_set=
ac_cv_env_CPPFLAGS_value=
ac_cv_env_CPP_set=
ac_cv_env_CPP_value=
ac_cv_env_GLIB_CFLAGS_set=
ac_cv_env_GLIB_CFLAGS_value=
ac_cv_env_GLIB_LIBS_set=
ac_cv_env_GLIB_LIBS_value=
ac_cv_env_GTK_CFLAGS_set=
ac_cv_env_GTK_CFLAGS_value=
ac_cv_env_GTK_LIBS_set=
ac_cv_env_GTK_LIBS_value=
ac_cv_env_LDFLAGS_set=
ac_cv_env_LDFLAGS_value=
ac_cv_env_LIBS_set=
ac_cv_env_LIBS_value=
ac_cv_env_PKG_CONFIG_LIBDIR_set=
ac_cv_env_PKG_CONFIG_LIBDIR_value=
ac_cv_env_PKG_CONFIG_PATH_set=
ac_cv_env_PKG_CONFIG_PATH_value=
ac_cv_env_PKG_CONFIG_set=
ac_cv_env_PKG_CONFIG_value=
ac_cv_env_USB_CFLAGS_set=
ac_cv_env_USB_CFLAGS_value=
ac_cv_env_USB_LIBS_set=
ac_cv_env_USB_LIBS_value=
ac_cv_env_build_alias_set=
ac_cv_env_build_alias_value=
ac_cv_env_host_alias_set=
ac_cv_env_host_alias_value=
ac_cv_env_target_alias_set=
ac_cv_env_target_alias_value=
ac_cv_func_mmap=yes
ac_cv_header_inttypes_h=yes
ac_cv_header_memory_h=yes
ac_cv_header_stdc=yes
ac_cv_header_stdint_h=yes
ac_cv_header_stdlib_h=yes
ac_cv_header_string_h=yes
ac_cv_header_strings_h=yes
ac_cv_header_sys_mman_h=yes
ac_cv_header_sys_poll_h=yes
ac_cv_header_sys_stat_h=yes
ac_cv_header_sys_types_h=yes
ac_cv_header_unistd_h=yes
ac_cv_host=x86_64-unknown-linux-gnu
ac_cv_lib_usbpath_usb_path2devnum=no
ac_cv_objext=o
ac_cv_path_EGREP='/bin/grep -E'
ac_cv_path_GREP=/bin/grep
ac_cv_path_ac_pt_PKG_CONFIG=/usr/bin/pkg-config
ac_cv_path_install='/usr/bin/install -c'
ac_cv_path_mkdir=/bin/mkdir
ac_cv_prog_AWK=mawk
ac_cv_prog_CPP='gcc -E'
ac_cv_prog_ac_ct_CC=gcc
ac_cv_prog_ac_ct_RANLIB=ranlib
ac_cv_prog_cc_c89=
ac_cv_prog_cc_g=yes
ac_cv_prog_make_make_set=yes
am_cv_CC_dependencies_compiler_type=gcc3
am_cv_make_support_nested_variables=yes
am_cv_prog_cc_c_o=yes
pkg_cv_USB_CFLAGS='-I/usr/include/libusb-1.0 '
pkg_cv_USB_LIBS='-lusb-1.0 '

## ----------------- ##
## Output variables. ##
## ----------------- ##

ACLOCAL='${SHELL} /home/jssmile/stlink/missing aclocal-1.14'
AMDEPBACKSLASH='\'
AMDEP_FALSE='#'
AMDEP_TRUE=''
AMTAR='$${TAR-tar}'
AM_BACKSLASH='\'
AM_DEFAULT_V='$(AM_DEFAULT_VERBOSITY)'
AM_DEFAULT_VERBOSITY='1'
AM_V='$(V)'
AUTOCONF='${SHELL} /home/jssmile/stlink/missing autoconf'
AUTOHEADER='${SHELL} /home/jssmile/stlink/missing autoheader'
AUTOMAKE='${SHELL} /home/jssmile/stlink/missing automake-1.14'
AWK='mawk'
CC='gcc'
CCDEPMODE='depmode=gcc3'
CFLAGS='-g -O2 -I/usr/include/libusb-1.0 '
CPP='gcc -E'
CPPFLAGS=''
CYGPATH_W='echo'
DEFS='-DPACKAGE_NAME=\"stlink\" -DPACKAGE_TARNAME=\"stlink\" -DPACKAGE_VERSION=\"0.5.6\" -DPACKAGE_STRING=\"stlink\ 0.5.6\" -DPACKAGE_BUGREPORT=\"davem@devkitpro.org\" -DPACKAGE_URL=\"\" -DPACKAGE=\"stlink\" -DVERSION=\"0.5.6\" -DSTDC_HEADERS=1 -DHAVE_SYS_TYPES_H=1 -DHAVE_SYS_STAT_H=1 -DHAVE_STDLIB_H=1 -DHAVE_STRING_H=1 -DHAVE_MEMORY_H=1 -DHAVE_STRINGS_H=1 -DHAVE_INTTYPES_H=1 -DHAVE_STDINT_H=1 -DHAVE_UNISTD_H=1 -DHAVE_SYS_MMAN_H=1 -DHAVE_SYS_POLL_H=1 -DHAVE_MMAP=1'
DEPDIR='.deps'
ECHO_C=''
ECHO_N='-n'
ECHO_T=''
EGREP='/bin/grep -E'
EXEEXT=''
GLIB_CFLAGS=''
GLIB_LIBS=''
GREP='/bin/grep'
GTK_CFLAGS=''
GTK_LIBS=''
INSTALL_DATA='${INSTALL} -m 644'
INSTALL_PROGRAM='${INSTALL}'
INSTALL_SCRIPT='${INSTALL}'
INSTALL_STRIP_PROGRAM='$(install_sh) -c -s'
LDFLAGS=''
LIBOBJS=''
LIBS=' -lusb-1.0 '
LTLIBOBJS=''
MAKEINFO='${SHELL} /home/jssmile/stlink/missing makeinfo'
MAYBE_GUI=''
MINGW_FALSE=''
MINGW_TRUE='#'
MKDIR_P='/bin/mkdir -p'
OBJEXT='o'
PACKAGE='stlink'
PACKAGE_BUGREPORT='davem@devkitpro.org'
PACKAGE_NAME='stlink'
PACKAGE_STRING='stlink 0.5.6'
PACKAGE_TARNAME='stlink'
PACKAGE_URL=''
PACKAGE_VERSION='0.5.6'
PATH_SEPARATOR=':'
PKG_CONFIG='/usr/bin/pkg-config'
PKG_CONFIG_LIBDIR=''
PKG_CONFIG_PATH=''
RANLIB='ranlib'
SET_MAKE=''
SHELL='/bin/bash'
STRIP=''
USB_CFLAGS='-I/usr/include/libusb-1.0 '
USB_LIBS='-lusb-1.0 '
VERSION='0.5.6'
ac_ct_CC='gcc'
am__EXEEXT_FALSE=''
am__EXEEXT_TRUE='#'
am__fastdepCC_FALSE='#'
am__fastdepCC_TRUE=''
am__include='include'
am__isrc=''
am__leading_dot='.'
am__nodep='_no'
am__quote=''
am__tar='$${TAR-tar} chof - "$$tardir"'
am__untar='$${TAR-tar} xf -'
bindir='${exec_prefix}/bin'
build='x86_64-unknown-linux-gnu'
build_alias=''
build_cpu='x86_64'
build_os='linux-gnu'
build_vendor='unknown'
datadir='${datarootdir}'
datarootdir='${prefix}/share'
docdir='${datarootdir}/doc/${PACKAGE_TARNAME}'
dvidir='${docdir}'
exec_prefix='${prefix}'
host='x86_64-unknown-linux-gnu'
host_alias=''
host_cpu='x86_64'
host_os='linux-gnu'
host_vendor='unknown'
htmldir='${docdir}'
includedir='${prefix}/include'
infodir='${datarootdir}/info'
install_sh='${SHELL} /home/jssmile/stlink/install-sh'
libdir='${exec_prefix}/lib'
libexecdir='${exec_prefix}/libexec'
localedir='${datarootdir}/locale'
localstatedir='${prefix}/var'
mandir='${datarootdir}/man'
mkdir_p='$(MKDIR_P)'
oldincludedir='/usr/include'
pdfdir='${docdir}'
prefix='/usr'
program_transform_name='s,x,x,'
psdir='${docdir}'
sbindir='${exec_prefix}/sbin'
sharedstatedir='${prefix}/com'
sysconfdir='${prefix}/etc'
target_alias=''

## ----------- ##
## confdefs.h. ##
## ----------- ##

/* confdefs.h */
#define PACKAGE_NAME "stlink"
#define PACKAGE_TARNAME "stlink"
#define PACKAGE_VERSION "0.5.6"
#define PACKAGE_STRING "stlink 0.5.6"
#define PACKAGE_BUGREPORT "davem@devkitpro.org"
#define PACKAGE_URL ""
#define PACKAGE "stlink"
#define VERSION "0.5.6"
#define STDC_HEADERS 1
#define HAVE_SYS_TYPES_H 1
#define HAVE_SYS_STAT_H 1
#define HAVE_STDLIB_H 1
#define HAVE_STRING_H 1
#define HAVE_MEMORY_H 1
#define HAVE_STRINGS_H 1
#define HAVE_INTTYPES_H 1
#define HAVE_STDINT_H 1
#define HAVE_UNISTD_H 1
#define HAVE_SYS_MMAN_H 1
#define HAVE_SYS_POLL_H 1
#define HAVE_MMAP 1

configure: exit 0
